  Line.cpp
f:\github\spatialdataanalusissystem\spatialdataanalusissystem\rectangle.h(4): error C3646: “lp”: 未知重写说明符
f:\github\spatialdataanalusissystem\spatialdataanalusissystem\rectangle.h(4): error C4430: 缺少类型说明符 - 假定为 int。注意: C++ 不支持默认 int
f:\github\spatialdataanalusissystem\spatialdataanalusissystem\rectangle.h(5): error C3646: “rp”: 未知重写说明符
f:\github\spatialdataanalusissystem\spatialdataanalusissystem\rectangle.h(5): error C4430: 缺少类型说明符 - 假定为 int。注意: C++ 不支持默认 int
f:\github\spatialdataanalusissystem\spatialdataanalusissystem\rectangle.h(10): error C2061: 语法错误: 标识符“Point”
f:\github\spatialdataanalusissystem\spatialdataanalusissystem\rectangle.h(10): error C2535: “Rect::Rect(void)”: 已经定义或声明成员函数
  f:\github\spatialdataanalusissystem\spatialdataanalusissystem\rectangle.h(9): note: 参见“Rect::Rect”的声明
f:\github\spatialdataanalusissystem\spatialdataanalusissystem\rectangle.h(18): error C4430: 缺少类型说明符 - 假定为 int。注意: C++ 不支持默认 int
f:\github\spatialdataanalusissystem\spatialdataanalusissystem\rectangle.h(18): error C2143: 语法错误: 缺少“,”(在“&”的前面)
f:\github\spatialdataanalusissystem\spatialdataanalusissystem\rectangle.h(19): error C4430: 缺少类型说明符 - 假定为 int。注意: C++ 不支持默认 int
f:\github\spatialdataanalusissystem\spatialdataanalusissystem\rectangle.h(19): error C2143: 语法错误: 缺少“,”(在“&”的前面)
f:\github\spatialdataanalusissystem\spatialdataanalusissystem\rectangle.h(9): error C2614: “Rect”: 非法的成员初始化:“lp”不是基或成员
f:\github\spatialdataanalusissystem\spatialdataanalusissystem\rectangle.h(9): error C2614: “Rect”: 非法的成员初始化:“rp”不是基或成员
f:\github\spatialdataanalusissystem\spatialdataanalusissystem\rectangle.h(10): error C2065: “plp”: 未声明的标识符
f:\github\spatialdataanalusissystem\spatialdataanalusissystem\rectangle.h(10): error C2065: “prp”: 未声明的标识符
f:\github\spatialdataanalusissystem\spatialdataanalusissystem\rectangle.h(10): error C2614: “Rect”: 非法的成员初始化:“lp”不是基或成员
f:\github\spatialdataanalusissystem\spatialdataanalusissystem\rectangle.h(10): error C2614: “Rect”: 非法的成员初始化:“rp”不是基或成员
f:\github\spatialdataanalusissystem\spatialdataanalusissystem\point.h(27): error C4430: 缺少类型说明符 - 假定为 int。注意: C++ 不支持默认 int
f:\github\spatialdataanalusissystem\spatialdataanalusissystem\point.h(27): error C2143: 语法错误: 缺少“,”(在“&”的前面)
f:\github\spatialdataanalusissystem\spatialdataanalusissystem\point.h(22): warning C4244: “return”: 从“float”转换到“int”，可能丢失数据
f:\github\spatialdataanalusissystem\spatialdataanalusissystem\point.h(24): warning C4244: “return”: 从“float”转换到“int”，可能丢失数据
f:\github\spatialdataanalusissystem\spatialdataanalusissystem\line.cpp(20): warning C4244: “return”: 从“double”转换到“float”，可能丢失数据
f:\github\spatialdataanalusissystem\spatialdataanalusissystem\line.cpp(25): error C2678: 二进制“<<”: 没有找到接受“std::ofstream”类型的左操作数的运算符(或没有可接受的转换)
  f:\github\spatialdataanalusissystem\spatialdataanalusissystem\line.h(25): note: 可能是“std::ostream &operator <<(std::ostream &,const Line &)”[通过使用参数相关的查找找到]
  f:\github\spatialdataanalusissystem\spatialdataanalusissystem\line.cpp(25): note: 尝试匹配参数列表“(std::ofstream, Line)”时
f:\github\spatialdataanalusissystem\spatialdataanalusissystem\line.cpp(35): error C2440: “return”: 无法从“const Point”转换为“Point &”
  f:\github\spatialdataanalusissystem\spatialdataanalusissystem\line.cpp(35): note: 转换丢失限定符
f:\github\spatialdataanalusissystem\spatialdataanalusissystem\line.cpp(45): error C2440: “return”: 无法从“const Point”转换为“Point &”
  f:\github\spatialdataanalusissystem\spatialdataanalusissystem\line.cpp(45): note: 转换丢失限定符
f:\github\spatialdataanalusissystem\spatialdataanalusissystem\line.cpp(51): error C3867: “Shape::getID”: 非标准语法；请使用 "&" 来创建指向成员的指针
  main.cpp
f:\github\spatialdataanalusissystem\spatialdataanalusissystem\line.h(5): error C3646: “p1”: 未知重写说明符
f:\github\spatialdataanalusissystem\spatialdataanalusissystem\line.h(5): error C4430: 缺少类型说明符 - 假定为 int。注意: C++ 不支持默认 int
f:\github\spatialdataanalusissystem\spatialdataanalusissystem\line.h(6): error C3646: “p2”: 未知重写说明符
f:\github\spatialdataanalusissystem\spatialdataanalusissystem\line.h(6): error C4430: 缺少类型说明符 - 假定为 int。注意: C++ 不支持默认 int
f:\github\spatialdataanalusissystem\spatialdataanalusissystem\line.h(11): error C2061: 语法错误: 标识符“Point”
f:\github\spatialdataanalusissystem\spatialdataanalusissystem\line.h(11): error C2535: “Line::Line(void)”: 已经定义或声明成员函数
  f:\github\spatialdataanalusissystem\spatialdataanalusissystem\line.h(10): note: 参见“Line::Line”的声明
f:\github\spatialdataanalusissystem\spatialdataanalusissystem\line.h(19): error C4430: 缺少类型说明符 - 假定为 int。注意: C++ 不支持默认 int
f:\github\spatialdataanalusissystem\spatialdataanalusissystem\line.h(19): error C2143: 语法错误: 缺少“,”(在“&”的前面)
f:\github\spatialdataanalusissystem\spatialdataanalusissystem\line.h(20): error C2143: 语法错误: 缺少“;”(在“&”的前面)
f:\github\spatialdataanalusissystem\spatialdataanalusissystem\line.h(20): error C4430: 缺少类型说明符 - 假定为 int。注意: C++ 不支持默认 int
f:\github\spatialdataanalusissystem\spatialdataanalusissystem\line.h(20): error C2238: 意外的标记位于“;”之前
f:\github\spatialdataanalusissystem\spatialdataanalusissystem\line.h(21): error C4430: 缺少类型说明符 - 假定为 int。注意: C++ 不支持默认 int
f:\github\spatialdataanalusissystem\spatialdataanalusissystem\line.h(21): error C2143: 语法错误: 缺少“,”(在“&”的前面)
f:\github\spatialdataanalusissystem\spatialdataanalusissystem\line.h(22): error C2143: 语法错误: 缺少“;”(在“&”的前面)
f:\github\spatialdataanalusissystem\spatialdataanalusissystem\line.h(22): error C4430: 缺少类型说明符 - 假定为 int。注意: C++ 不支持默认 int
f:\github\spatialdataanalusissystem\spatialdataanalusissystem\line.h(22): error C2238: 意外的标记位于“;”之前
f:\github\spatialdataanalusissystem\spatialdataanalusissystem\rectangle.h(4): error C3646: “lp”: 未知重写说明符
f:\github\spatialdataanalusissystem\spatialdataanalusissystem\rectangle.h(4): error C4430: 缺少类型说明符 - 假定为 int。注意: C++ 不支持默认 int
f:\github\spatialdataanalusissystem\spatialdataanalusissystem\rectangle.h(5): error C3646: “rp”: 未知重写说明符
f:\github\spatialdataanalusissystem\spatialdataanalusissystem\rectangle.h(5): error C4430: 缺少类型说明符 - 假定为 int。注意: C++ 不支持默认 int
f:\github\spatialdataanalusissystem\spatialdataanalusissystem\rectangle.h(10): error C2061: 语法错误: 标识符“Point”
f:\github\spatialdataanalusissystem\spatialdataanalusissystem\rectangle.h(10): error C2535: “Rect::Rect(void)”: 已经定义或声明成员函数
  f:\github\spatialdataanalusissystem\spatialdataanalusissystem\rectangle.h(9): note: 参见“Rect::Rect”的声明
f:\github\spatialdataanalusissystem\spatialdataanalusissystem\rectangle.h(18): error C4430: 缺少类型说明符 - 假定为 int。注意: C++ 不支持默认 int
f:\github\spatialdataanalusissystem\spatialdataanalusissystem\rectangle.h(18): error C2143: 语法错误: 缺少“,”(在“&”的前面)
f:\github\spatialdataanalusissystem\spatialdataanalusissystem\rectangle.h(19): error C4430: 缺少类型说明符 - 假定为 int。注意: C++ 不支持默认 int
f:\github\spatialdataanalusissystem\spatialdataanalusissystem\rectangle.h(19): error C2143: 语法错误: 缺少“,”(在“&”的前面)
f:\github\spatialdataanalusissystem\spatialdataanalusissystem\rectangle.h(9): error C2614: “Rect”: 非法的成员初始化:“lp”不是基或成员
f:\github\spatialdataanalusissystem\spatialdataanalusissystem\rectangle.h(9): error C2614: “Rect”: 非法的成员初始化:“rp”不是基或成员
f:\github\spatialdataanalusissystem\spatialdataanalusissystem\rectangle.h(10): error C2065: “plp”: 未声明的标识符
f:\github\spatialdataanalusissystem\spatialdataanalusissystem\rectangle.h(10): error C2065: “prp”: 未声明的标识符
f:\github\spatialdataanalusissystem\spatialdataanalusissystem\rectangle.h(10): error C2614: “Rect”: 非法的成员初始化:“lp”不是基或成员
f:\github\spatialdataanalusissystem\spatialdataanalusissystem\rectangle.h(10): error C2614: “Rect”: 非法的成员初始化:“rp”不是基或成员
f:\github\spatialdataanalusissystem\spatialdataanalusissystem\point.h(22): warning C4244: “return”: 从“float”转换到“int”，可能丢失数据
f:\github\spatialdataanalusissystem\spatialdataanalusissystem\point.h(24): warning C4244: “return”: 从“float”转换到“int”，可能丢失数据
f:\github\spatialdataanalusissystem\spatialdataanalusissystem\main.cpp(14): warning C4326: “main”的返回类型应为“int”而非“void”
f:\github\spatialdataanalusissystem\spatialdataanalusissystem\main.cpp(50): error C3867: “Line::Area”: 非标准语法；请使用 "&" 来创建指向成员的指针
f:\github\spatialdataanalusissystem\spatialdataanalusissystem\main.cpp(50): error C2446: “<”: 没有从“float”到“float (__thiscall Line::* )(void)”的转换
  f:\github\spatialdataanalusissystem\spatialdataanalusissystem\main.cpp(50): note: 没有使该转换得以执行的上下文
f:\github\spatialdataanalusissystem\spatialdataanalusissystem\main.cpp(87): error C3867: “std::vector<Point,std::allocator<_Ty>>::size”: 非标准语法；请使用 "&" 来创建指向成员的指针
          with
          [
              _Ty=Point
          ]
f:\github\spatialdataanalusissystem\spatialdataanalusissystem\main.cpp(87): error C2446: “<”: 没有从“unsigned int (__thiscall std::vector<Point,std::allocator<_Ty>>::* )(void) noexcept const”到“int”的转换
          with
          [
              _Ty=Point
          ]
  f:\github\spatialdataanalusissystem\spatialdataanalusissystem\main.cpp(87): note: 没有使该转换得以执行的上下文
f:\github\spatialdataanalusissystem\spatialdataanalusissystem\main.cpp(95): error C3867: “std::vector<Rect,std::allocator<_Ty>>::size”: 非标准语法；请使用 "&" 来创建指向成员的指针
          with
          [
              _Ty=Rect
          ]
f:\github\spatialdataanalusissystem\spatialdataanalusissystem\main.cpp(95): error C2446: “<”: 没有从“unsigned int (__thiscall std::vector<Rect,std::allocator<_Ty>>::* )(void) noexcept const”到“int”的转换
          with
          [
              _Ty=Rect
          ]
  f:\github\spatialdataanalusissystem\spatialdataanalusissystem\main.cpp(95): note: 没有使该转换得以执行的上下文
f:\github\spatialdataanalusissystem\spatialdataanalusissystem\main.cpp(103): error C3867: “std::vector<Line,std::allocator<_Ty>>::size”: 非标准语法；请使用 "&" 来创建指向成员的指针
          with
          [
              _Ty=Line
          ]
f:\github\spatialdataanalusissystem\spatialdataanalusissystem\main.cpp(103): error C2446: “<”: 没有从“unsigned int (__thiscall std::vector<Line,std::allocator<_Ty>>::* )(void) noexcept const”到“int”的转换
          with
          [
              _Ty=Line
          ]
  f:\github\spatialdataanalusissystem\spatialdataanalusissystem\main.cpp(103): note: 没有使该转换得以执行的上下文
f:\github\spatialdataanalusissystem\spatialdataanalusissystem\main.cpp(134): error C2661: “Line::Line”: 没有重载函数接受 2 个参数
f:\github\spatialdataanalusissystem\spatialdataanalusissystem\main.cpp(151): error C2661: “Rect::Rect”: 没有重载函数接受 2 个参数
  Point.cpp
f:\github\spatialdataanalusissystem\spatialdataanalusissystem\line.h(5): error C3646: “p1”: 未知重写说明符
f:\github\spatialdataanalusissystem\spatialdataanalusissystem\line.h(5): error C4430: 缺少类型说明符 - 假定为 int。注意: C++ 不支持默认 int
f:\github\spatialdataanalusissystem\spatialdataanalusissystem\line.h(6): error C3646: “p2”: 未知重写说明符
f:\github\spatialdataanalusissystem\spatialdataanalusissystem\line.h(6): error C4430: 缺少类型说明符 - 假定为 int。注意: C++ 不支持默认 int
f:\github\spatialdataanalusissystem\spatialdataanalusissystem\line.h(11): error C2061: 语法错误: 标识符“Point”
f:\github\spatialdataanalusissystem\spatialdataanalusissystem\line.h(11): error C2535: “Line::Line(void)”: 已经定义或声明成员函数
  f:\github\spatialdataanalusissystem\spatialdataanalusissystem\line.h(10): note: 参见“Line::Line”的声明
f:\github\spatialdataanalusissystem\spatialdataanalusissystem\line.h(19): error C4430: 缺少类型说明符 - 假定为 int。注意: C++ 不支持默认 int
f:\github\spatialdataanalusissystem\spatialdataanalusissystem\line.h(19): error C2143: 语法错误: 缺少“,”(在“&”的前面)
f:\github\spatialdataanalusissystem\spatialdataanalusissystem\line.h(20): error C2143: 语法错误: 缺少“;”(在“&”的前面)
f:\github\spatialdataanalusissystem\spatialdataanalusissystem\line.h(20): error C4430: 缺少类型说明符 - 假定为 int。注意: C++ 不支持默认 int
f:\github\spatialdataanalusissystem\spatialdataanalusissystem\line.h(20): error C2238: 意外的标记位于“;”之前
f:\github\spatialdataanalusissystem\spatialdataanalusissystem\line.h(21): error C4430: 缺少类型说明符 - 假定为 int。注意: C++ 不支持默认 int
f:\github\spatialdataanalusissystem\spatialdataanalusissystem\line.h(21): error C2143: 语法错误: 缺少“,”(在“&”的前面)
f:\github\spatialdataanalusissystem\spatialdataanalusissystem\line.h(22): error C2143: 语法错误: 缺少“;”(在“&”的前面)
f:\github\spatialdataanalusissystem\spatialdataanalusissystem\line.h(22): error C4430: 缺少类型说明符 - 假定为 int。注意: C++ 不支持默认 int
f:\github\spatialdataanalusissystem\spatialdataanalusissystem\line.h(22): error C2238: 意外的标记位于“;”之前
f:\github\spatialdataanalusissystem\spatialdataanalusissystem\rectangle.h(4): error C3646: “lp”: 未知重写说明符
f:\github\spatialdataanalusissystem\spatialdataanalusissystem\rectangle.h(4): error C4430: 缺少类型说明符 - 假定为 int。注意: C++ 不支持默认 int
f:\github\spatialdataanalusissystem\spatialdataanalusissystem\rectangle.h(5): error C3646: “rp”: 未知重写说明符
f:\github\spatialdataanalusissystem\spatialdataanalusissystem\rectangle.h(5): error C4430: 缺少类型说明符 - 假定为 int。注意: C++ 不支持默认 int
f:\github\spatialdataanalusissystem\spatialdataanalusissystem\rectangle.h(10): error C2061: 语法错误: 标识符“Point”
f:\github\spatialdataanalusissystem\spatialdataanalusissystem\rectangle.h(10): error C2535: “Rect::Rect(void)”: 已经定义或声明成员函数
  f:\github\spatialdataanalusissystem\spatialdataanalusissystem\rectangle.h(9): note: 参见“Rect::Rect”的声明
f:\github\spatialdataanalusissystem\spatialdataanalusissystem\rectangle.h(18): error C4430: 缺少类型说明符 - 假定为 int。注意: C++ 不支持默认 int
f:\github\spatialdataanalusissystem\spatialdataanalusissystem\rectangle.h(18): error C2143: 语法错误: 缺少“,”(在“&”的前面)
f:\github\spatialdataanalusissystem\spatialdataanalusissystem\rectangle.h(19): error C4430: 缺少类型说明符 - 假定为 int。注意: C++ 不支持默认 int
f:\github\spatialdataanalusissystem\spatialdataanalusissystem\rectangle.h(19): error C2143: 语法错误: 缺少“,”(在“&”的前面)
f:\github\spatialdataanalusissystem\spatialdataanalusissystem\rectangle.h(9): error C2614: “Rect”: 非法的成员初始化:“lp”不是基或成员
f:\github\spatialdataanalusissystem\spatialdataanalusissystem\rectangle.h(9): error C2614: “Rect”: 非法的成员初始化:“rp”不是基或成员
f:\github\spatialdataanalusissystem\spatialdataanalusissystem\rectangle.h(10): error C2065: “plp”: 未声明的标识符
f:\github\spatialdataanalusissystem\spatialdataanalusissystem\rectangle.h(10): error C2065: “prp”: 未声明的标识符
f:\github\spatialdataanalusissystem\spatialdataanalusissystem\rectangle.h(10): error C2614: “Rect”: 非法的成员初始化:“lp”不是基或成员
f:\github\spatialdataanalusissystem\spatialdataanalusissystem\rectangle.h(10): error C2614: “Rect”: 非法的成员初始化:“rp”不是基或成员
f:\github\spatialdataanalusissystem\spatialdataanalusissystem\point.h(22): warning C4244: “return”: 从“float”转换到“int”，可能丢失数据
f:\github\spatialdataanalusissystem\spatialdataanalusissystem\point.h(24): warning C4244: “return”: 从“float”转换到“int”，可能丢失数据
f:\github\spatialdataanalusissystem\spatialdataanalusissystem\point.cpp(7): error C2373: “Point::Distance”: 重定义；不同的类型修饰符
  f:\github\spatialdataanalusissystem\spatialdataanalusissystem\point.h(25): note: 参见“Point::Distance”的声明
f:\github\spatialdataanalusissystem\spatialdataanalusissystem\point.cpp(38): error C2440: “return”: 无法从“Point”转换为“Point”
  f:\github\spatialdataanalusissystem\spatialdataanalusissystem\point.cpp(38): note: 由于复制构造函数不明确或没有可用的复制构造函数，因此无法复制构造 class“Point”
  Rectangle.cpp
f:\github\spatialdataanalusissystem\spatialdataanalusissystem\line.h(5): error C3646: “p1”: 未知重写说明符
f:\github\spatialdataanalusissystem\spatialdataanalusissystem\line.h(5): error C4430: 缺少类型说明符 - 假定为 int。注意: C++ 不支持默认 int
f:\github\spatialdataanalusissystem\spatialdataanalusissystem\line.h(6): error C3646: “p2”: 未知重写说明符
f:\github\spatialdataanalusissystem\spatialdataanalusissystem\line.h(6): error C4430: 缺少类型说明符 - 假定为 int。注意: C++ 不支持默认 int
f:\github\spatialdataanalusissystem\spatialdataanalusissystem\line.h(11): error C2061: 语法错误: 标识符“Point”
f:\github\spatialdataanalusissystem\spatialdataanalusissystem\line.h(11): error C2535: “Line::Line(void)”: 已经定义或声明成员函数
  f:\github\spatialdataanalusissystem\spatialdataanalusissystem\line.h(10): note: 参见“Line::Line”的声明
f:\github\spatialdataanalusissystem\spatialdataanalusissystem\line.h(19): error C4430: 缺少类型说明符 - 假定为 int。注意: C++ 不支持默认 int
f:\github\spatialdataanalusissystem\spatialdataanalusissystem\line.h(19): error C2143: 语法错误: 缺少“,”(在“&”的前面)
f:\github\spatialdataanalusissystem\spatialdataanalusissystem\line.h(20): error C2143: 语法错误: 缺少“;”(在“&”的前面)
f:\github\spatialdataanalusissystem\spatialdataanalusissystem\line.h(20): error C4430: 缺少类型说明符 - 假定为 int。注意: C++ 不支持默认 int
f:\github\spatialdataanalusissystem\spatialdataanalusissystem\line.h(20): error C2238: 意外的标记位于“;”之前
f:\github\spatialdataanalusissystem\spatialdataanalusissystem\line.h(21): error C4430: 缺少类型说明符 - 假定为 int。注意: C++ 不支持默认 int
f:\github\spatialdataanalusissystem\spatialdataanalusissystem\line.h(21): error C2143: 语法错误: 缺少“,”(在“&”的前面)
f:\github\spatialdataanalusissystem\spatialdataanalusissystem\line.h(22): error C2143: 语法错误: 缺少“;”(在“&”的前面)
f:\github\spatialdataanalusissystem\spatialdataanalusissystem\line.h(22): error C4430: 缺少类型说明符 - 假定为 int。注意: C++ 不支持默认 int
f:\github\spatialdataanalusissystem\spatialdataanalusissystem\line.h(22): error C2238: 意外的标记位于“;”之前
f:\github\spatialdataanalusissystem\spatialdataanalusissystem\point.h(26): error C4430: 缺少类型说明符 - 假定为 int。注意: C++ 不支持默认 int
f:\github\spatialdataanalusissystem\spatialdataanalusissystem\point.h(26): error C2143: 语法错误: 缺少“,”(在“&”的前面)
f:\github\spatialdataanalusissystem\spatialdataanalusissystem\point.h(22): warning C4244: “return”: 从“float”转换到“int”，可能丢失数据
f:\github\spatialdataanalusissystem\spatialdataanalusissystem\point.h(24): warning C4244: “return”: 从“float”转换到“int”，可能丢失数据
  spatial.cpp
  正在生成代码...
